{
  "RSpec": {
    "coverage": {
      "/Users/student/Desktop/Jonathan/instagram-challenge/spec/controllers/sessions_controller_spec.rb": [
        1,
        null,
        1,
        1,
        1,
        2,
        null,
        null,
        null,
        1,
        1,
        1,
        null,
        null,
        1,
        1,
        1,
        1,
        null,
        null,
        null
      ],
      "/Users/student/Desktop/Jonathan/instagram-challenge/spec/rails_helper.rb": [
        null,
        1,
        1,
        null,
        1,
        null,
        null,
        1,
        1,
        null,
        null,
        null,
        null,
        null,
        null,
        null,
        null,
        null,
        null,
        null,
        null,
        null,
        null,
        null,
        null,
        null,
        null,
        null,
        null,
        1,
        null,
        1,
        null,
        1,
        null,
        null,
        null,
        null,
        1,
        null,
        null,
        null,
        null,
        null,
        null,
        null,
        null,
        null,
        null,
        null,
        null,
        null,
        null,
        1,
        null,
        null,
        1,
        null,
        null,
        1,
        null
      ],
      "/Users/student/Desktop/Jonathan/instagram-challenge/config/environment.rb": [
        null,
        1,
        null,
        null,
        1
      ],
      "/Users/student/Desktop/Jonathan/instagram-challenge/config/application.rb": [
        1,
        null,
        1,
        null,
        null,
        null,
        1,
        null,
        1,
        1,
        null,
        1,
        null,
        null,
        null,
        null,
        null,
        null,
        null
      ],
      "/Users/student/Desktop/Jonathan/instagram-challenge/config/boot.rb": [
        1,
        null,
        1,
        1
      ],
      "/Users/student/Desktop/Jonathan/instagram-challenge/config/environments/test.rb": [
        null,
        null,
        null,
        null,
        null,
        1,
        null,
        null,
        1,
        null,
        null,
        null,
        null,
        1,
        null,
        null,
        1,
        1,
        null,
        null,
        null,
        null,
        1,
        1,
        1,
        null,
        null,
        1,
        null,
        null,
        1,
        null,
        null,
        1,
        null,
        1,
        null,
        null,
        null,
        null,
        1,
        null,
        null,
        1,
        null,
        null,
        null,
        null
      ],
      "/Users/student/Desktop/Jonathan/instagram-challenge/config/initializers/application_controller_renderer.rb": [
        null,
        null,
        null,
        null,
        null,
        null,
        null,
        null
      ],
      "/Users/student/Desktop/Jonathan/instagram-challenge/config/initializers/assets.rb": [
        null,
        null,
        null,
        1,
        null,
        null,
        null,
        null,
        1,
        null,
        null,
        null,
        null,
        null
      ],
      "/Users/student/Desktop/Jonathan/instagram-challenge/config/initializers/backtrace_silencers.rb": [
        null,
        null,
        null,
        null,
        null,
        null,
        null
      ],
      "/Users/student/Desktop/Jonathan/instagram-challenge/config/initializers/content_security_policy.rb": [
        null,
        null,
        null,
        null,
        null,
        null,
        null,
        null,
        null,
        null,
        null,
        null,
        null,
        null,
        null,
        null,
        null,
        null,
        null,
        null,
        null,
        null,
        null,
        null,
        null,
        null,
        null,
        null,
        null,
        null
      ],
      "/Users/student/Desktop/Jonathan/instagram-challenge/config/initializers/cookies_serializer.rb": [
        null,
        null,
        null,
        null,
        1
      ],
      "/Users/student/Desktop/Jonathan/instagram-challenge/config/initializers/filter_parameter_logging.rb": [
        null,
        null,
        null,
        1
      ],
      "/Users/student/Desktop/Jonathan/instagram-challenge/config/initializers/inflections.rb": [
        null,
        null,
        null,
        null,
        null,
        null,
        null,
        null,
        null,
        null,
        null,
        null,
        null,
        null,
        null,
        null
      ],
      "/Users/student/Desktop/Jonathan/instagram-challenge/config/initializers/mime_types.rb": [
        null,
        null,
        null,
        null
      ],
      "/Users/student/Desktop/Jonathan/instagram-challenge/config/initializers/wrap_parameters.rb": [
        null,
        null,
        null,
        null,
        null,
        null,
        1,
        2,
        null,
        null,
        null,
        null,
        null,
        null
      ],
      "/Users/student/Desktop/Jonathan/instagram-challenge/config/routes.rb": [
        1,
        1,
        null,
        1,
        1,
        1,
        1,
        null,
        1,
        null,
        null,
        null
      ],
      "/Users/student/Desktop/Jonathan/instagram-challenge/app/helpers/application_helper.rb": [
        1,
        null
      ],
      "/Users/student/Desktop/Jonathan/instagram-challenge/app/helpers/sessions_helper.rb": [
        1,
        null
      ],
      "/Users/student/Desktop/Jonathan/instagram-challenge/app/helpers/users_helper.rb": [
        1,
        null
      ],
      "/Users/student/Desktop/Jonathan/instagram-challenge/app/controllers/sessions_controller.rb": [
        1,
        null,
        1,
        null,
        1,
        null,
        null,
        1,
        3,
        3,
        2,
        2,
        null,
        1,
        null,
        null,
        null,
        1,
        3,
        null,
        null,
        1,
        null,
        null,
        1,
        2,
        2,
        null,
        null
      ],
      "/Users/student/Desktop/Jonathan/instagram-challenge/app/controllers/application_controller.rb": [
        1,
        null,
        1,
        1,
        1,
        null,
        1,
        15,
        null,
        null,
        1,
        7,
        null,
        null,
        1,
        7,
        null,
        null
      ],
      "/Users/student/Desktop/Jonathan/instagram-challenge/spec/controllers/users_controller_spec.rb": [
        1,
        null,
        1,
        null,
        null
      ],
      "/Users/student/Desktop/Jonathan/instagram-challenge/app/controllers/users_controller.rb": [
        1,
        null,
        1,
        null,
        1,
        3,
        null,
        null,
        1,
        3,
        3,
        3,
        null,
        null
      ],
      "/Users/student/Desktop/Jonathan/instagram-challenge/spec/features/sessions/create.html.erb_spec.rb": [
        1
      ],
      "/Users/student/Desktop/Jonathan/instagram-challenge/spec/features/sessions/log_out.html.erb_spec.rb": [
        1,
        null,
        1,
        1,
        1,
        1,
        1,
        null,
        null
      ],
      "/Users/student/Desktop/Jonathan/instagram-challenge/spec/features/web_helpers.rb": [
        1,
        2,
        2,
        2,
        2,
        2,
        2,
        null,
        2,
        null
      ],
      "/Users/student/Desktop/Jonathan/instagram-challenge/spec/features/sessions/login.html.erb_spec.rb": [
        1,
        1,
        null,
        1,
        1,
        1,
        1,
        null,
        null
      ],
      "/Users/student/Desktop/Jonathan/instagram-challenge/spec/features/sessions/new.html.erb_spec.rb": [
        1,
        1,
        null,
        1,
        1,
        1,
        1,
        1,
        1,
        1,
        1,
        1,
        null,
        null
      ],
      "/Users/student/Desktop/Jonathan/instagram-challenge/spec/features/sessions/url_restrictions.html.erb_spec.rb": [
        1,
        1,
        1,
        1,
        null,
        null
      ],
      "/Users/student/Desktop/Jonathan/instagram-challenge/spec/features/sessions/welcome.html.erb_spec.rb": [
        1,
        1,
        1,
        1,
        1,
        1,
        1,
        null,
        null
      ],
      "/Users/student/Desktop/Jonathan/instagram-challenge/spec/features/users/create.html.erb_spec.rb": [
        1
      ],
      "/Users/student/Desktop/Jonathan/instagram-challenge/spec/features/users/new.html.erb_spec.rb": [
        1,
        null,
        1,
        1,
        1,
        1,
        1,
        1,
        1,
        1,
        null,
        1,
        null,
        1,
        null,
        null
      ],
      "/Users/student/Desktop/Jonathan/instagram-challenge/spec/helpers/sessions_helper_spec.rb": [
        1
      ],
      "/Users/student/Desktop/Jonathan/instagram-challenge/spec/helpers/users_helper_spec.rb": [
        1
      ],
      "/Users/student/Desktop/Jonathan/instagram-challenge/spec/models/user_spec.rb": [
        1
      ],
      "/Users/student/Desktop/Jonathan/instagram-challenge/app/models/user.rb": [
        1,
        null,
        1,
        null,
        null
      ],
      "/Users/student/Desktop/Jonathan/instagram-challenge/app/models/application_record.rb": [
        1,
        1,
        null
      ]
    },
    "timestamp": 1579558954
  }
}
